[  2912.081] 
X.Org X Server 1.20.4
X Protocol Version 11, Revision 0
[  2912.081] Build Operating System: Linux 5.10.0-6-amd64 x86_64 Debian
[  2912.081] Current Operating System: Linux PHS-NaBomm 4.19.0-17-amd64 #1 SMP Debian 4.19.194-3 (2021-07-18) x86_64
[  2912.082] Kernel command line: BOOT_IMAGE=/vmlinuz-4.19.0-17-amd64 root=/dev/mapper/PHS--NaBomm--vg-root ro quiet
[  2912.082] Build Date: 19 April 2021  09:34:38AM
[  2912.082] xorg-server 2:1.20.4-1+deb10u3 (https://www.debian.org/support) 
[  2912.082] Current version of pixman: 0.36.0
[  2912.082] 	Before reporting problems, check http://wiki.x.org
	to make sure that you have the latest version.
[  2912.082] Markers: (--) probed, (**) from config file, (==) default setting,
	(++) from command line, (!!) notice, (II) informational,
	(WW) warning, (EE) error, (NI) not implemented, (??) unknown.
[  2912.089] (==) Log file: "/home/nabommersbach@psd371.org/.local/share/xorg/Xorg.2.log", Time: Fri Jul 30 15:26:36 2021
[  2912.090] (==) Using system config directory "/usr/share/X11/xorg.conf.d"
[  2912.090] (==) No Layout section.  Using the first Screen section.
[  2912.090] (==) No screen section available. Using defaults.
[  2912.090] (**) |-->Screen "Default Screen Section" (0)
[  2912.090] (**) |   |-->Monitor "<default monitor>"
[  2912.091] (==) No monitor specified for screen "Default Screen Section".
	Using a default monitor configuration.
[  2912.091] (==) Automatically adding devices
[  2912.091] (==) Automatically enabling devices
[  2912.091] (==) Automatically adding GPU devices
[  2912.091] (==) Max clients allowed: 256, resource mask: 0x1fffff
[  2912.091] (WW) The directory "/usr/share/fonts/X11/cyrillic" does not exist.
[  2912.091] 	Entry deleted from font path.
[  2912.091] (WW) The directory "/usr/share/fonts/X11/100dpi/" does not exist.
[  2912.091] 	Entry deleted from font path.
[  2912.091] (WW) The directory "/usr/share/fonts/X11/75dpi/" does not exist.
[  2912.091] 	Entry deleted from font path.
[  2912.091] (WW) The directory "/usr/share/fonts/X11/Type1" does not exist.
[  2912.091] 	Entry deleted from font path.
[  2912.091] (WW) The directory "/usr/share/fonts/X11/100dpi" does not exist.
[  2912.091] 	Entry deleted from font path.
[  2912.091] (WW) The directory "/usr/share/fonts/X11/75dpi" does not exist.
[  2912.091] 	Entry deleted from font path.
[  2912.091] (==) FontPath set to:
	/usr/share/fonts/X11/misc,
	built-ins
[  2912.091] (==) ModulePath set to "/usr/lib/xorg/modules"
[  2912.091] (II) The server relies on udev to provide the list of input devices.
	If no devices become available, reconfigure udev or disable AutoAddDevices.
[  2912.091] (II) Loader magic: 0x560c15f03e20
[  2912.091] (II) Module ABI versions:
[  2912.091] 	X.Org ANSI C Emulation: 0.4
[  2912.091] 	X.Org Video Driver: 24.0
[  2912.091] 	X.Org XInput driver : 24.1
[  2912.091] 	X.Org Server Extension : 10.0
[  2912.091] (EE) dbus-core: error connecting to system bus: org.freedesktop.DBus.Error.NoReply (Did not receive a reply. Possible causes include: the remote application did not send a reply, the message bus security policy blocked the reply, the reply timeout expired, or the network connection was broken.)
[  2912.091] (++) using VT number 3

[  2912.091] (II) xfree86: Adding drm device (/dev/dri/card0)
[  2912.092] (--) PCI:*(0@0:2:0) 8086:041e:17aa:3098 rev 6, Mem @ 0xf7800000/4194304, 0xe0000000/268435456, I/O @ 0x0000f000/64, BIOS @ 0x????????/131072
[  2912.092] (II) LoadModule: "glx"
[  2912.092] (II) Loading /usr/lib/xorg/modules/extensions/libglx.so
[  2912.093] (II) Module glx: vendor="X.Org Foundation"
[  2912.093] 	compiled for 1.20.4, module version = 1.0.0
[  2912.093] 	ABI class: X.Org Server Extension, version 10.0
[  2912.093] (==) Matched modesetting as autoconfigured driver 0
[  2912.093] (==) Matched fbdev as autoconfigured driver 1
[  2912.093] (==) Matched vesa as autoconfigured driver 2
[  2912.093] (==) Assigned the driver to the xf86ConfigLayout
[  2912.093] (II) LoadModule: "modesetting"
[  2912.093] (II) Loading /usr/lib/xorg/modules/drivers/modesetting_drv.so
[  2912.093] (II) Module modesetting: vendor="X.Org Foundation"
[  2912.093] 	compiled for 1.20.4, module version = 1.20.4
[  2912.093] 	Module class: X.Org Video Driver
[  2912.093] 	ABI class: X.Org Video Driver, version 24.0
[  2912.093] (II) LoadModule: "fbdev"
[  2912.093] (II) Loading /usr/lib/xorg/modules/drivers/fbdev_drv.so
[  2912.093] (II) Module fbdev: vendor="X.Org Foundation"
[  2912.093] 	compiled for 1.20.0, module version = 0.5.0
[  2912.093] 	Module class: X.Org Video Driver
[  2912.093] 	ABI class: X.Org Video Driver, version 24.0
[  2912.093] (II) LoadModule: "vesa"
[  2912.093] (II) Loading /usr/lib/xorg/modules/drivers/vesa_drv.so
[  2912.093] (II) Module vesa: vendor="X.Org Foundation"
[  2912.093] 	compiled for 1.20.1, module version = 2.4.0
[  2912.093] 	Module class: X.Org Video Driver
[  2912.093] 	ABI class: X.Org Video Driver, version 24.0
[  2912.093] (II) modesetting: Driver for Modesetting Kernel Drivers: kms
[  2912.093] (II) FBDEV: driver for framebuffer: fbdev
[  2912.093] (II) VESA: driver for VESA chipsets: vesa
[  2912.094] xf86EnableIOPorts: failed to set IOPL for I/O (Operation not permitted)
[  2912.094] (EE) open /dev/dri/card0: Permission denied
[  2912.094] (WW) Falling back to old probe method for modesetting
[  2912.094] (EE) open /dev/dri/card0: Permission denied
[  2912.094] (II) Loading sub module "fbdevhw"
[  2912.094] (II) LoadModule: "fbdevhw"
[  2912.094] (II) Loading /usr/lib/xorg/modules/libfbdevhw.so
[  2912.094] (II) Module fbdevhw: vendor="X.Org Foundation"
[  2912.094] 	compiled for 1.20.4, module version = 0.0.2
[  2912.094] 	ABI class: X.Org Video Driver, version 24.0
[  2912.094] (EE) Unable to find a valid framebuffer device
[  2912.094] (WW) Falling back to old probe method for fbdev
[  2912.094] (II) Loading sub module "fbdevhw"
[  2912.094] (II) LoadModule: "fbdevhw"
[  2912.094] (II) Loading /usr/lib/xorg/modules/libfbdevhw.so
[  2912.094] (II) Module fbdevhw: vendor="X.Org Foundation"
[  2912.094] 	compiled for 1.20.4, module version = 0.0.2
[  2912.094] 	ABI class: X.Org Video Driver, version 24.0
[  2912.094] (EE) open /dev/fb0: Permission denied
[  2912.094] vesa: Ignoring device with a bound kernel driver
[  2912.094] (WW) VGA arbiter: cannot open kernel arbiter, no multi-card support
[  2912.094] (EE) Screen 0 deleted because of no matching config section.
[  2912.094] (II) UnloadModule: "modesetting"
[  2912.094] (EE) Screen 0 deleted because of no matching config section.
[  2912.094] (II) UnloadModule: "fbdev"
[  2912.094] (II) UnloadSubModule: "fbdevhw"
[  2912.094] (EE) Screen 0 deleted because of no matching config section.
[  2912.094] (II) UnloadModule: "vesa"
[  2912.094] (EE) Device(s) detected, but none match those in the config file.
[  2912.094] (EE) 
Fatal server error:
[  2912.094] (EE) no screens found(EE) 
[  2912.094] (EE) 
Please consult the The X.Org Foundation support 
	 at http://wiki.x.org
 for help. 
[  2912.094] (EE) Please also check the log file at "/home/nabommersbach@psd371.org/.local/share/xorg/Xorg.2.log" for additional information.
[  2912.094] (EE) 
[  2912.142] (EE) Server terminated with error (1). Closing log file.
